#
# A fatal error has been detected by the Java Runtime Environment:
#
#  SIGSEGV (0xb) at pc=0x000000011dc4fe43, pid=77508, tid=40759
#
# JRE version: Java(TM) SE Runtime Environment (8.0_91-b14) (build 1.8.0_91-b14)
# Java VM: Java HotSpot(TM) 64-Bit Server VM (25.91-b14 mixed mode bsd-amd64 compressed oops)
# Problematic frame:
# C  [libawt_lwawt.dylib+0x1ae43]  OGLSD_SetScratchSurface+0x49
#
# Failed to write core dump. Core dumps have been disabled. To enable core dumping, try "ulimit -c unlimited" before starting Java again
#
# If you would like to submit a bug report, please visit:
#   http://bugreport.java.com/bugreport/crash.jsp
# The crash happened outside the Java Virtual Machine in native code.
# See problematic frame for where to report the bug.
#

---------------  T H R E A D  ---------------

Current thread (0x00007f8255171800):  JavaThread "Java2D Queue Flusher" daemon [_thread_in_native, id=40759, stack(0x000070000ae10000,0x000070000af10000)]

siginfo: si_signo: 11 (SIGSEGV), si_code: 1 (SEGV_MAPERR), si_addr: 0x0000000000000002

Registers:
RAX=0x00000000ffffffff, RBX=0x0000000000000002, RCX=0x0000000000000047, RDX=0x000000011dc708ec
RSP=0x000070000af0f730, RBP=0x000070000af0f750, RSI=0x00007f8253fbe310, RDI=0x00007f82551719f8
R8 =0x000000000000054b, R9 =0x00000000000e1ccd, R10=0x000000010cfb7bf8, R11=0x000000010cfb2b80
R12=0x0000000000000000, R13=0x000070000af0f8e8, R14=0x00007f82551719f8, R15=0x00007f8255171800
RIP=0x000000011dc4fe43, EFLAGS=0x0000000000010202, ERR=0x0000000000000004
  TRAPNO=0x000000000000000e

Top of Stack: (sp=0x000070000af0f730)
0x000070000af0f730:   00007f8253fbe310 0000000000000000
0x000070000af0f740:   00007f825517f210 00007f8255171800
0x000070000af0f750:   000070000af0f7d0 000000011dc703ca
0x000070000af0f760:   00007f8253f5ad00 0000000200000001
0x000070000af0f770:   00007f0000000000 0000000000000000
0x000070000af0f780:   0000000000000000 0000000000000000
0x000070000af0f790:   000070000af0f7d0 00007f825517f220
0x000070000af0f7a0:   0000700000f0f968 00007f82551719f8
0x000070000af0f7b0:   000000016c19e848 0000000000000000
0x000070000af0f7c0:   000070000af0f968 00007f8255171800
0x000070000af0f7d0:   000070000af0f820 000000010cfb7c6a
0x000070000af0f7e0:   00000007407ee4d0 0000000105b30c00
0x000070000af0f7f0:   0000000000000064 0000000000000000
0x000070000af0f800:   0000000000000064 00007f8253f5a8b8
0x000070000af0f810:   000070000af0f870 000000010594dc60
0x000070000af0f820:   000070000af0f940 000000010cfb317c
0x000070000af0f830:   0000000000000001 00007f8253f5b4a0
0x000070000af0f840:   00000007407ee500 00007f8255171800
0x000070000af0f850:   00007f8255171800 000000010b400a00
0x000070000af0f860:   000070000af0f968 00007f8255171800
0x000070000af0f870:   000070000af0f8c0 000000010cde8028
0x000070000af0f880:   00000007407ee4d0 000000010cec6ee6
0x000070000af0f890:   000070000af0f940 000000010cfb2bdc
0x000070000af0f8a0:   0000000163524dbc 000070000af0f8e8
0x000070000af0f8b0:   0000000163524e38 0000000000000000
0x000070000af0f8c0:   000070000af0f940 000000010cb8a2bd
0x000070000af0f8d0:   000070000af0f940 000000010cb8a2bd
0x000070000af0f8e0:   000000010cb8a2bd 00000007407ee4d0
0x000070000af0f8f0:   0000000000000001 00000007407ee5b8
0x000070000af0f900:   000070000af0f8f0 000000010b9a4f11
0x000070000af0f910:   000070000af0f968 000000010b9a50a8
0x000070000af0f920:   0000000000000000 000000010b9a5018 

Instructions: (pc=0x000000011dc4fe43)
0x000000011dc4fe23:   c0 e9 82 00 00 00 48 8b 5e 10 48 85 db 75 0e bf
0x000000011dc4fe33:   01 00 00 00 48 8d 15 fd 75 03 00 eb d6 49 89 fe
0x000000011dc4fe43:   4c 8b 3b 30 c0 e8 c5 a2 02 00 49 8b 3f 49 89 c4
0x000000011dc4fe53:   48 8b 35 ae f7 05 00 30 c0 e8 cb a3 02 00 48 85 

Register to memory mapping:

RAX=0x00000000ffffffff is an unknown value
RBX=0x0000000000000002 is an unknown value
RCX=0x0000000000000047 is an unknown value
RDX=0x000000011dc708ec: Java_sun_java2d_opengl_OGLRenderQueue_flushBuffer+0xb5c in /Library/Java/JavaVirtualMachines/jdk1.8.0_91.jdk/Contents/Home/jre/lib/libawt_lwawt.dylib at 0x000000011dc35000
RSP=0x000070000af0f730 is pointing into the stack for thread: 0x00007f8255171800
RBP=0x000070000af0f750 is pointing into the stack for thread: 0x00007f8255171800
RSI=0x00007f8253fbe310 is an unknown value
RDI=0x00007f82551719f8 is an unknown value
R8 =0x000000000000054b is an unknown value
R9 =0x00000000000e1ccd is an unknown value
R10=0x000000010cfb7bf8 is at entry_point+56 in (nmethod*)0x000000010cfb7a50
R11=0x000000010cfb2b80 is at entry_point+0 in (nmethod*)0x000000010cfb2a10
R12=0x0000000000000000 is an unknown value
R13=0x000070000af0f8e8 is pointing into the stack for thread: 0x00007f8255171800
R14=0x00007f82551719f8 is an unknown value
R15=0x00007f8255171800 is a thread


Stack: [0x000070000ae10000,0x000070000af10000],  sp=0x000070000af0f730,  free space=1021k
Native frames: (J=compiled Java code, j=interpreted, Vv=VM code, C=native code)
C  [libawt_lwawt.dylib+0x1ae43]  OGLSD_SetScratchSurface+0x49
C  [libawt_lwawt.dylib+0x3b3ca]  Java_sun_java2d_opengl_OGLRenderQueue_flushBuffer+0x63a
J 1373  sun.java2d.opengl.OGLRenderQueue.flushBuffer(JI)V (0 bytes) @ 0x000000010cfb7c6a [0x000000010cfb7bc0+0xaa]
J 1366 C1 sun.java2d.opengl.OGLRenderQueue.flushBuffer()V (41 bytes) @ 0x000000010cfb317c [0x000000010cfb2f20+0x25c]
J 1365 C1 sun.java2d.opengl.OGLRenderQueue.access$100(Lsun/java2d/opengl/OGLRenderQueue;)V (5 bytes) @ 0x000000010cfb2bdc [0x000000010cfb2b80+0x5c]
j  sun.java2d.opengl.OGLRenderQueue$QueueFlusher.run()V+81
v  ~StubRoutines::call_stub
V  [libjvm.dylib+0x2ec1e6]
V  [libjvm.dylib+0x2ec974]
V  [libjvm.dylib+0x2ecb20]
V  [libjvm.dylib+0x34726d]
V  [libjvm.dylib+0x563d17]
V  [libjvm.dylib+0x565412]
V  [libjvm.dylib+0x484f82]
C  [libsystem_pthread.dylib+0x3abb]  _pthread_body+0xb4
C  [libsystem_pthread.dylib+0x3a07]  _pthread_body+0x0
C  [libsystem_pthread.dylib+0x3231]  thread_start+0xd
C  0x0000000000000000

Java frames: (J=compiled Java code, j=interpreted, Vv=VM code)
J 1373  sun.java2d.opengl.OGLRenderQueue.flushBuffer(JI)V (0 bytes) @ 0x000000010cfb7bf8 [0x000000010cfb7bc0+0x38]
J 1366 C1 sun.java2d.opengl.OGLRenderQueue.flushBuffer()V (41 bytes) @ 0x000000010cfb317c [0x000000010cfb2f20+0x25c]
J 1365 C1 sun.java2d.opengl.OGLRenderQueue.access$100(Lsun/java2d/opengl/OGLRenderQueue;)V (5 bytes) @ 0x000000010cfb2bdc [0x000000010cfb2b80+0x5c]
j  sun.java2d.opengl.OGLRenderQueue$QueueFlusher.run()V+81
v  ~StubRoutines::call_stub

---------------  P R O C E S S  ---------------

Java Threads: ( => current thread )
  0x00007f8255338000 JavaThread "Java Sound Event Dispatcher" daemon [_thread_blocked, id=64851, stack(0x000070000b72e000,0x000070000b82e000)]
  0x00007f825439d000 JavaThread "SwingWorker-pool-1-thread-1" daemon [_thread_blocked, id=59975, stack(0x000070000b119000,0x000070000b219000)]
  0x00007f82552ad000 JavaThread "DestroyJavaVM" [_thread_blocked, id=6915, stack(0x0000700009c54000,0x0000700009d54000)]
  0x00007f8254dfd800 JavaThread "TimerQueue" daemon [_thread_blocked, id=4503, stack(0x000070000b3a2000,0x000070000b4a2000)]
  0x00007f8254214000 JavaThread "Thread-0" [_thread_blocked, id=63587, stack(0x000070000b29f000,0x000070000b39f000)]
  0x00007f8254cd5800 JavaThread "AWT-EventQueue-0" [_thread_in_native, id=58095, stack(0x000070000b016000,0x000070000b116000)]
  0x00007f8254244800 JavaThread "AWT-Shutdown" [_thread_blocked, id=58215, stack(0x000070000ab84000,0x000070000ac84000)]
  0x00007f8254a3f000 JavaThread "Java2D Disposer" daemon [_thread_blocked, id=57359, stack(0x000070000af13000,0x000070000b013000)]
=>0x00007f8255171800 JavaThread "Java2D Queue Flusher" daemon [_thread_in_native, id=40759, stack(0x000070000ae10000,0x000070000af10000)]
  0x00007f825499a800 JavaThread "AppKit Thread" daemon [_thread_in_native, id=2059, stack(0x00007fff5a726000,0x00007fff5af26000)]
  0x00007f825401b800 JavaThread "Service Thread" daemon [_thread_blocked, id=18179, stack(0x000070000a878000,0x000070000a978000)]
  0x00007f8254863000 JavaThread "C1 CompilerThread2" daemon [_thread_blocked, id=17667, stack(0x000070000a775000,0x000070000a875000)]
  0x00007f8254862000 JavaThread "C2 CompilerThread1" daemon [_thread_blocked, id=17155, stack(0x000070000a672000,0x000070000a772000)]
  0x00007f8255033800 JavaThread "C2 CompilerThread0" daemon [_thread_blocked, id=16643, stack(0x000070000a56f000,0x000070000a66f000)]
  0x00007f8254815800 JavaThread "Signal Dispatcher" daemon [_thread_blocked, id=16131, stack(0x000070000a46c000,0x000070000a56c000)]
  0x00007f8255031800 JavaThread "Finalizer" daemon [_thread_blocked, id=12291, stack(0x000070000a369000,0x000070000a469000)]
  0x00007f825502b000 JavaThread "Reference Handler" daemon [_thread_blocked, id=11779, stack(0x000070000a266000,0x000070000a366000)]

Other Threads:
  0x00007f8255028800 VMThread [stack: 0x000070000a163000,0x000070000a263000] [id=11267]
  0x00007f825503e800 WatcherThread [stack: 0x000070000a97b000,0x000070000aa7b000] [id=18691]

VM state:not at safepoint (normal execution)

VM Mutex/Monitor currently owned by a thread: None

Heap:
 PSYoungGen      total 75264K, used 6240K [0x0000000795580000, 0x000000079d400000, 0x00000007c0000000)
  eden space 69120K, 9% used [0x0000000795580000,0x0000000795b98368,0x0000000799900000)
  from space 6144K, 0% used [0x0000000799d80000,0x0000000799d80000,0x000000079a380000)
  to   space 30208K, 0% used [0x000000079b680000,0x000000079b680000,0x000000079d400000)
 ParOldGen       total 100864K, used 31759K [0x0000000740000000, 0x0000000746280000, 0x0000000795580000)
  object space 100864K, 31% used [0x0000000740000000,0x0000000741f03c60,0x0000000746280000)
 Metaspace       used 20596K, capacity 20836K, committed 21120K, reserved 1067008K
  class space    used 2499K, capacity 2595K, committed 2688K, reserved 1048576K

Card table byte_map: [0x0000000106954000,0x0000000106d55000] byte_map_base: 0x0000000102f54000

Marking Bits: (ParMarkBitMap*) 0x0000000105ee6eb0
 Begin Bits: [0x0000000107000000, 0x0000000109000000)
 End Bits:   [0x0000000109000000, 0x000000010b000000)

Polling page: 0x0000000104d9a000

CodeCache: size=245760Kb used=8631Kb max_used=8632Kb free=237128Kb
 bounds [0x000000010cb82000, 0x000000010d402000, 0x000000011bb82000]
 total_blobs=3362 nmethods=2705 adapters=569
 compilation: enabled

Compilation events (10 events):
Event: 1214.394 Thread 0x00007f8254863000 2955       3       apple.laf.JRSUIState::equals (44 bytes)
Event: 1214.400 Thread 0x00007f8254863000 nmethod 2955 0x000000010d3f4a10 code [0x000000010d3f4ba0, 0x000000010d3f51c8]
Event: 1214.408 Thread 0x00007f8254863000 2956       3       java.util.concurrent.ConcurrentHashMap::<init> (44 bytes)
Event: 1214.409 Thread 0x00007f8254863000 nmethod 2956 0x000000010d3f52d0 code [0x000000010d3f5460, 0x000000010d3f57f8]
Event: 1214.420 Thread 0x00007f8254862000 2957       4       java.util.concurrent.ConcurrentHashMap::get (162 bytes)
Event: 1214.426 Thread 0x00007f8254862000 nmethod 2957 0x000000010d3f8850 code [0x000000010d3f89c0, 0x000000010d3f8c98]
Event: 1214.455 Thread 0x00007f8254863000 2958       3       sun.java2d.pipe.Region::getScaledRegion (416 bytes)
Event: 1214.459 Thread 0x00007f8254863000 nmethod 2958 0x000000010d3f6d90 code [0x000000010d3f7000, 0x000000010d3f7df8]
Event: 1214.459 Thread 0x00007f8254863000 2959       3       sun.java2d.pipe.Region::getTranslatedRegion (302 bytes)
Event: 1214.460 Thread 0x00007f8254863000 nmethod 2959 0x000000010d3f5bd0 code [0x000000010d3f5dc0, 0x000000010d3f6848]

GC Heap History (10 events):
Event: 98.925 GC heap before
{Heap before GC invocations=33 (full 1):
 PSYoungGen      total 91648K, used 78299K [0x0000000795580000, 0x000000079d800000, 0x00000007c0000000)
  eden space 61952K, 100% used [0x0000000795580000,0x0000000799200000,0x0000000799200000)
  from space 29696K, 55% used [0x0000000799200000,0x000000079a1f6cb0,0x000000079af00000)
  to   space 29696K, 0% used [0x000000079bb00000,0x000000079bb00000,0x000000079d800000)
 ParOldGen       total 91136K, used 68453K [0x0000000740000000, 0x0000000745900000, 0x0000000795580000)
  object space 91136K, 75% used [0x0000000740000000,0x00000007442d94e8,0x0000000745900000)
 Metaspace       used 19981K, capacity 20288K, committed 20736K, reserved 1067008K
  class space    used 2439K, capacity 2523K, committed 2560K, reserved 1048576K
Event: 98.935 GC heap after
Heap after GC invocations=33 (full 1):
 PSYoungGen      total 100864K, used 15452K [0x0000000795580000, 0x000000079d600000, 0x00000007c0000000)
  eden space 73216K, 0% used [0x0000000795580000,0x0000000795580000,0x0000000799d00000)
  from space 27648K, 55% used [0x000000079bb00000,0x000000079ca17000,0x000000079d600000)
  to   space 29184K, 0% used [0x0000000799d00000,0x0000000799d00000,0x000000079b980000)
 ParOldGen       total 91136K, used 69875K [0x0000000740000000, 0x0000000745900000, 0x0000000795580000)
  object space 91136K, 76% used [0x0000000740000000,0x000000074443ce68,0x0000000745900000)
 Metaspace       used 19981K, capacity 20288K, committed 20736K, reserved 1067008K
  class space    used 2439K, capacity 2523K, committed 2560K, reserved 1048576K
}
Event: 100.059 GC heap before
{Heap before GC invocations=34 (full 1):
 PSYoungGen      total 100864K, used 88668K [0x0000000795580000, 0x000000079d600000, 0x00000007c0000000)
  eden space 73216K, 100% used [0x0000000795580000,0x0000000799d00000,0x0000000799d00000)
  from space 27648K, 55% used [0x000000079bb00000,0x000000079ca17000,0x000000079d600000)
  to   space 29184K, 0% used [0x0000000799d00000,0x0000000799d00000,0x000000079b980000)
 ParOldGen       total 91136K, used 69875K [0x0000000740000000, 0x0000000745900000, 0x0000000795580000)
  object space 91136K, 76% used [0x0000000740000000,0x000000074443ce68,0x0000000745900000)
 Metaspace       used 19983K, capacity 20288K, committed 20736K, reserved 1067008K
  class space    used 2439K, capacity 2523K, committed 2560K, reserved 1048576K
Event: 100.064 GC heap after
Heap after GC invocations=34 (full 1):
 PSYoungGen      total 102400K, used 13983K [0x0000000795580000, 0x000000079de80000, 0x00000007c0000000)
  eden space 73216K, 0% used [0x0000000795580000,0x0000000795580000,0x0000000799d00000)
  from space 29184K, 47% used [0x0000000799d00000,0x000000079aaa7fe0,0x000000079b980000)
  to   space 28160K, 0% used [0x000000079c300000,0x000000079c300000,0x000000079de80000)
 ParOldGen       total 91136K, used 70010K [0x0000000740000000, 0x0000000745900000, 0x0000000795580000)
  object space 91136K, 76% used [0x0000000740000000,0x000000074445eaf0,0x0000000745900000)
 Metaspace       used 19983K, capacity 20288K, committed 20736K, reserved 1067008K
  class space    used 2439K, capacity 2523K, committed 2560K, reserved 1048576K
}
Event: 360.757 GC heap before
{Heap before GC invocations=35 (full 1):
 PSYoungGen      total 102400K, used 84227K [0x0000000795580000, 0x000000079de80000, 0x00000007c0000000)
  eden space 73216K, 95% used [0x0000000795580000,0x0000000799a18f30,0x0000000799d00000)
  from space 29184K, 47% used [0x0000000799d00000,0x000000079aaa7fe0,0x000000079b980000)
  to   space 28160K, 0% used [0x000000079c300000,0x000000079c300000,0x000000079de80000)
 ParOldGen       total 91136K, used 70010K [0x0000000740000000, 0x0000000745900000, 0x0000000795580000)
  object space 91136K, 76% used [0x0000000740000000,0x000000074445eaf0,0x0000000745900000)
 Metaspace       used 20574K, capacity 20836K, committed 21120K, reserved 1067008K
  class space    used 2499K, capacity 2595K, committed 2688K, reserved 1048576K
Event: 361.007 GC heap after
Heap after GC invocations=35 (full 1):
 PSYoungGen      total 94208K, used 22711K [0x0000000795580000, 0x000000079d980000, 0x00000007c0000000)
  eden space 71168K, 0% used [0x0000000795580000,0x0000000795580000,0x0000000799b00000)
  from space 23040K, 98% used [0x000000079c300000,0x000000079d92dff0,0x000000079d980000)
  to   space 30720K, 0% used [0x0000000799d80000,0x0000000799d80000,0x000000079bb80000)
 ParOldGen       total 91136K, used 70034K [0x0000000740000000, 0x0000000745900000, 0x0000000795580000)
  object space 91136K, 76% used [0x0000000740000000,0x0000000744464af0,0x0000000745900000)
 Metaspace       used 20574K, capacity 20836K, committed 21120K, reserved 1067008K
  class space    used 2499K, capacity 2595K, committed 2688K, reserved 1048576K
}
Event: 1214.536 GC heap before
{Heap before GC invocations=36 (full 1):
 PSYoungGen      total 94208K, used 93390K [0x0000000795580000, 0x000000079d980000, 0x00000007c0000000)
  eden space 71168K, 99% used [0x0000000795580000,0x0000000799a85bc0,0x0000000799b00000)
  from space 23040K, 98% used [0x000000079c300000,0x000000079d92dff0,0x000000079d980000)
  to   space 30720K, 0% used [0x0000000799d80000,0x0000000799d80000,0x000000079bb80000)
 ParOldGen       total 91136K, used 70034K [0x0000000740000000, 0x0000000745900000, 0x0000000795580000)
  object space 91136K, 76% used [0x0000000740000000,0x0000000744464af0,0x0000000745900000)
 Metaspace       used 20596K, capacity 20836K, committed 21120K, reserved 1067008K
  class space    used 2499K, capacity 2595K, committed 2688K, reserved 1048576K
Event: 1214.614 GC heap after
Heap after GC invocations=36 (full 1):
 PSYoungGen      total 75264K, used 5984K [0x0000000795580000, 0x000000079d400000, 0x00000007c0000000)
  eden space 69120K, 0% used [0x0000000795580000,0x0000000795580000,0x0000000799900000)
  from space 6144K, 97% used [0x0000000799d80000,0x000000079a358068,0x000000079a380000)
  to   space 30208K, 0% used [0x000000079b680000,0x000000079b680000,0x000000079d400000)
 ParOldGen       total 96768K, used 96189K [0x0000000740000000, 0x0000000745e80000, 0x0000000795580000)
  object space 96768K, 99% used [0x0000000740000000,0x0000000745def6a0,0x0000000745e80000)
 Metaspace       used 20596K, capacity 20836K, committed 21120K, reserved 1067008K
  class space    used 2499K, capacity 2595K, committed 2688K, reserved 1048576K
}
Event: 1214.614 GC heap before
{Heap before GC invocations=37 (full 2):
 PSYoungGen      total 75264K, used 5984K [0x0000000795580000, 0x000000079d400000, 0x00000007c0000000)
  eden space 69120K, 0% used [0x0000000795580000,0x0000000795580000,0x0000000799900000)
  from space 6144K, 97% used [0x0000000799d80000,0x000000079a358068,0x000000079a380000)
  to   space 30208K, 0% used [0x000000079b680000,0x000000079b680000,0x000000079d400000)
 ParOldGen       total 96768K, used 96189K [0x0000000740000000, 0x0000000745e80000, 0x0000000795580000)
  object space 96768K, 99% used [0x0000000740000000,0x0000000745def6a0,0x0000000745e80000)
 Metaspace       used 20596K, capacity 20836K, committed 21120K, reserved 1067008K
  class space    used 2499K, capacity 2595K, committed 2688K, reserved 1048576K
Event: 1214.824 GC heap after
Heap after GC invocations=37 (full 2):
 PSYoungGen      total 75264K, used 0K [0x0000000795580000, 0x000000079d400000, 0x00000007c0000000)
  eden space 69120K, 0% used [0x0000000795580000,0x0000000795580000,0x0000000799900000)
  from space 6144K, 0% used [0x0000000799d80000,0x0000000799d80000,0x000000079a380000)
  to   space 30208K, 0% used [0x000000079b680000,0x000000079b680000,0x000000079d400000)
 ParOldGen       total 100864K, used 31759K [0x0000000740000000, 0x0000000746280000, 0x0000000795580000)
  object space 100864K, 31% used [0x0000000740000000,0x0000000741f03c60,0x0000000746280000)
 Metaspace       used 20596K, capacity 20836K, committed 21120K, reserved 1067008K
  class space    used 2499K, capacity 2595K, committed 2688K, reserved 1048576K
}

Deoptimization events (10 events):
Event: 24.659 Thread 0x00007f8255339800 Uncommon trap: reason=class_check action=maybe_recompile pc=0x000000010d239650 method=java.io.FilterInputStream.read([BII)I @ 7
Event: 24.669 Thread 0x00007f8255339800 Uncommon trap: reason=unstable_if action=reinterpret pc=0x000000010d179ffc method=java.io.BufferedInputStream.read1([BII)I @ 22
Event: 24.922 Thread 0x00007f82552ed800 Uncommon trap: reason=unstable_if action=reinterpret pc=0x000000010d1c303c method=java.awt.image.DirectColorModel.getAlpha(I)I @ 4
Event: 26.417 Thread 0x00007f82552ed800 Uncommon trap: reason=unstable_if action=reinterpret pc=0x000000010d0f26a8 method=sun.awt.image.IntegerInterleavedRaster.getDataElements(IILjava/lang/Object;)Ljava/lang/Object; @ 43
Event: 26.423 Thread 0x00007f82552ed800 Uncommon trap: reason=unstable_if action=reinterpret pc=0x000000010d0c3280 method=sun.awt.image.ImageRepresentation.convertToRGB()V @ 145
Event: 98.725 Thread 0x00007f82552ed800 Uncommon trap: reason=unstable_if action=reinterpret pc=0x000000010d1732c4 method=sun.awt.image.ByteInterleavedRaster.putByteData(IIII[B)V @ 395
Event: 98.740 Thread 0x00007f82552ed800 Uncommon trap: reason=unstable_if action=reinterpret pc=0x000000010cde202c method=com.sun.imageio.plugins.png.PNGImageReader.paethPredictor(III)I @ 34
Event: 99.577 Thread 0x00007f82552ed800 Uncommon trap: reason=unstable_if action=reinterpret pc=0x000000010d2e9994 method=sun.awt.image.OffScreenImageSource.sendPixels()V @ 663
Event: 101.098 Thread 0x00007f8254cd5800 Uncommon trap: reason=unstable_if action=reinterpret pc=0x000000010d01d4a0 method=java.security.AccessControlContext.optimize()Ljava/security/AccessControlContext; @ 220
Event: 107.011 Thread 0x00007f8254cd5800 Uncommon trap: reason=unstable_if action=reinterpret pc=0x000000010d347ec0 method=java.lang.Class.getEnumConstantsShared()[Ljava/lang/Object; @ 4

Internal exceptions (10 events):
Event: 15.970 Thread 0x00007f825439d000 Exception <a 'java/lang/ArrayIndexOutOfBoundsException'> (0x00000007968d7978) thrown at [/Users/java_re/workspace/8-2-build-macosx-x86_64/jdk8u91/6644/hotspot/src/share/vm/runtime/sharedRuntime.cpp, line 605]
Event: 15.987 Thread 0x00007f825439d000 Exception <a 'java/lang/ArrayIndexOutOfBoundsException'> (0x000000079691e158) thrown at [/Users/java_re/workspace/8-2-build-macosx-x86_64/jdk8u91/6644/hotspot/src/share/vm/runtime/sharedRuntime.cpp, line 605]
Event: 15.987 Thread 0x00007f825439d000 Exception <a 'java/lang/ArrayIndexOutOfBoundsException'> (0x000000079691f560) thrown at [/Users/java_re/workspace/8-2-build-macosx-x86_64/jdk8u91/6644/hotspot/src/share/vm/runtime/sharedRuntime.cpp, line 605]
Event: 15.994 Thread 0x00007f825439d000 Exception <a 'java/lang/ArrayIndexOutOfBoundsException'> (0x0000000796937ee0) thrown at [/Users/java_re/workspace/8-2-build-macosx-x86_64/jdk8u91/6644/hotspot/src/share/vm/runtime/sharedRuntime.cpp, line 605]
Event: 16.299 Thread 0x00007f825439d000 Exception <a 'java/lang/NullPointerException'> (0x0000000796c0aa90) thrown at [/Users/java_re/workspace/8-2-build-macosx-x86_64/jdk8u91/6644/hotspot/src/share/vm/interpreter/linkResolver.cpp, line 1178]
Event: 16.529 Thread 0x00007f8254e57000 Implicit null exception at 0x000000010d0be2d2 to 0x000000010d0bea6d
Event: 16.710 Thread 0x00007f825439d000 Exception <a 'java/lang/NullPointerException'> (0x0000000795b80670) thrown at [/Users/java_re/workspace/8-2-build-macosx-x86_64/jdk8u91/6644/hotspot/src/share/vm/interpreter/linkResolver.cpp, line 1178]
Event: 20.112 Thread 0x00007f8254e57000 Implicit null exception at 0x000000010d171d60 to 0x000000010d1722e5
Event: 26.417 Thread 0x00007f82552ed800 Implicit null exception at 0x000000010d0f251a to 0x000000010d0f268d
Event: 119.996 Thread 0x00007f8254cd5800 Exception <a 'java/lang/NullPointerException'> (0x00000007976078f8) thrown at [/Users/java_re/workspace/8-2-build-macosx-x86_64/jdk8u91/6644/hotspot/src/share/vm/interpreter/linkResolver.cpp, line 1178]

Events (10 events):
Event: 361.025 Executing VM operation: RevokeBias
Event: 361.032 Executing VM operation: RevokeBias done
Event: 1214.536 Executing VM operation: ParallelGCFailedAllocation
Event: 1214.824 Executing VM operation: ParallelGCFailedAllocation done
Event: 1214.825 Executing VM operation: RevokeBias
Event: 1214.836 Executing VM operation: RevokeBias done
Event: 1214.842 Executing VM operation: RevokeBias
Event: 1214.842 Executing VM operation: RevokeBias done
Event: 1214.842 Executing VM operation: RevokeBias
Event: 1214.842 Executing VM operation: RevokeBias done


Dynamic libraries:
0x0000000016020000 	/System/Library/Frameworks/Cocoa.framework/Versions/A/Cocoa
0x0000000016020000 	/System/Library/Frameworks/Security.framework/Versions/A/Security
0x0000000016020000 	/System/Library/Frameworks/ApplicationServices.framework/Versions/A/ApplicationServices
0x0000000016020000 	/usr/lib/libz.1.dylib
0x0000000016020000 	/usr/lib/libSystem.B.dylib
0x0000000016020000 	/usr/lib/libobjc.A.dylib
0x0000000016020000 	/System/Library/Frameworks/CoreFoundation.framework/Versions/A/CoreFoundation
0x0000000016020000 	/System/Library/Frameworks/Foundation.framework/Versions/C/Foundation
0x0000000016020000 	/System/Library/Frameworks/AppKit.framework/Versions/C/AppKit
0x0000000016020000 	/System/Library/Frameworks/CoreData.framework/Versions/A/CoreData
0x0000000016020000 	/System/Library/PrivateFrameworks/RemoteViewServices.framework/Versions/A/RemoteViewServices
0x0000000016020000 	/System/Library/PrivateFrameworks/UIFoundation.framework/Versions/A/UIFoundation
0x0000000016020000 	/usr/lib/libenergytrace.dylib
0x0000000016020000 	/System/Library/PrivateFrameworks/SkyLight.framework/Versions/A/SkyLight
0x0000000016020000 	/System/Library/Frameworks/CoreGraphics.framework/Versions/A/CoreGraphics
0x0000000016020000 	/usr/lib/libScreenReader.dylib
0x0000000016020000 	/System/Library/Frameworks/Accelerate.framework/Versions/A/Accelerate
0x0000000016020000 	/System/Library/Frameworks/IOSurface.framework/Versions/A/IOSurface
0x0000000016020000 	/System/Library/Frameworks/AudioToolbox.framework/Versions/A/AudioToolbox
0x0000000016020000 	/System/Library/Frameworks/AudioUnit.framework/Versions/A/AudioUnit
0x0000000016020000 	/System/Library/PrivateFrameworks/DataDetectorsCore.framework/Versions/A/DataDetectorsCore
0x0000000016020000 	/System/Library/PrivateFrameworks/DesktopServicesPriv.framework/Versions/A/DesktopServicesPriv
0x0000000016020000 	/System/Library/Frameworks/Carbon.framework/Versions/A/Frameworks/HIToolbox.framework/Versions/A/HIToolbox
0x0000000016020000 	/usr/lib/libicucore.A.dylib
0x0000000016020000 	/System/Library/Frameworks/QuartzCore.framework/Versions/A/QuartzCore
0x0000000016020000 	/System/Library/Frameworks/Carbon.framework/Versions/A/Frameworks/SpeechRecognition.framework/Versions/A/SpeechRecognition
0x0000000016020000 	/usr/lib/libauto.dylib
0x0000000016020000 	/usr/lib/libxml2.2.dylib
0x0000000016020000 	/System/Library/PrivateFrameworks/CoreUI.framework/Versions/A/CoreUI
0x0000000016020000 	/System/Library/Frameworks/CoreAudio.framework/Versions/A/CoreAudio
0x0000000016020000 	/System/Library/Frameworks/DiskArbitration.framework/Versions/A/DiskArbitration
0x0000000016020000 	/usr/lib/liblangid.dylib
0x0000000016020000 	/System/Library/PrivateFrameworks/MultitouchSupport.framework/Versions/A/MultitouchSupport
0x0000000016020000 	/System/Library/Frameworks/IOKit.framework/Versions/A/IOKit
0x0000000016020000 	/usr/lib/libDiagnosticMessagesClient.dylib
0x0000000016020000 	/System/Library/Frameworks/CoreServices.framework/Versions/A/CoreServices
0x0000000016020000 	/System/Library/PrivateFrameworks/PerformanceAnalysis.framework/Versions/A/PerformanceAnalysis
0x0000000016020000 	/System/Library/PrivateFrameworks/GenerationalStorage.framework/Versions/A/GenerationalStorage
0x0000000016020000 	/System/Library/Frameworks/OpenGL.framework/Versions/A/OpenGL
0x0000000016020000 	/System/Library/Frameworks/CoreImage.framework/Versions/A/CoreImage
0x0000000016020000 	/System/Library/Frameworks/CoreText.framework/Versions/A/CoreText
0x0000000016020000 	/System/Library/Frameworks/ImageIO.framework/Versions/A/ImageIO
0x0000000016020000 	/System/Library/PrivateFrameworks/Backup.framework/Versions/A/Backup
0x0000000016020000 	/usr/lib/libarchive.2.dylib
0x0000000016020000 	/System/Library/Frameworks/CFNetwork.framework/Versions/A/CFNetwork
0x0000000016020000 	/System/Library/Frameworks/SystemConfiguration.framework/Versions/A/SystemConfiguration
0x0000000016020000 	/usr/lib/libCRFSuite.dylib
0x0000000016020000 	/usr/lib/libc++.1.dylib
0x0000000016020000 	/usr/lib/libc++abi.dylib
0x0000000016020000 	/usr/lib/system/libcache.dylib
0x0000000016020000 	/usr/lib/system/libcommonCrypto.dylib
0x0000000016020000 	/usr/lib/system/libcompiler_rt.dylib
0x0000000016020000 	/usr/lib/system/libcopyfile.dylib
0x0000000016020000 	/usr/lib/system/libcorecrypto.dylib
0x0000000016020000 	/usr/lib/system/libdispatch.dylib
0x0000000016020000 	/usr/lib/system/libdyld.dylib
0x0000000016020000 	/usr/lib/system/libkeymgr.dylib
0x0000000016020000 	/usr/lib/system/liblaunch.dylib
0x0000000016020000 	/usr/lib/system/libmacho.dylib
0x0000000016020000 	/usr/lib/system/libquarantine.dylib
0x0000000016020000 	/usr/lib/system/libremovefile.dylib
0x0000000016020000 	/usr/lib/system/libsystem_asl.dylib
0x0000000016020000 	/usr/lib/system/libsystem_blocks.dylib
0x0000000016020000 	/usr/lib/system/libsystem_c.dylib
0x0000000016020000 	/usr/lib/system/libsystem_configuration.dylib
0x0000000016020000 	/usr/lib/system/libsystem_coreservices.dylib
0x0000000016020000 	/usr/lib/system/libsystem_coretls.dylib
0x0000000016020000 	/usr/lib/system/libsystem_dnssd.dylib
0x0000000016020000 	/usr/lib/system/libsystem_info.dylib
0x0000000016020000 	/usr/lib/system/libsystem_kernel.dylib
0x0000000016020000 	/usr/lib/system/libsystem_m.dylib
0x0000000016020000 	/usr/lib/system/libsystem_malloc.dylib
0x0000000016020000 	/usr/lib/system/libsystem_network.dylib
0x0000000016020000 	/usr/lib/system/libsystem_networkextension.dylib
0x0000000016020000 	/usr/lib/system/libsystem_notify.dylib
0x0000000016020000 	/usr/lib/system/libsystem_platform.dylib
0x0000000016020000 	/usr/lib/system/libsystem_pthread.dylib
0x0000000016020000 	/usr/lib/system/libsystem_sandbox.dylib
0x0000000016020000 	/usr/lib/system/libsystem_secinit.dylib
0x0000000016020000 	/usr/lib/system/libsystem_symptoms.dylib
0x0000000016020000 	/usr/lib/system/libsystem_trace.dylib
0x0000000016020000 	/usr/lib/system/libunwind.dylib
0x0000000016020000 	/usr/lib/system/libxpc.dylib
0x0000000016020000 	/usr/lib/libbsm.0.dylib
0x0000000016020000 	/usr/lib/system/libkxld.dylib
0x0000000016020000 	/usr/lib/libcoretls.dylib
0x0000000016020000 	/usr/lib/libcoretls_cfhelpers.dylib
0x0000000016020000 	/usr/lib/libxar.1.dylib
0x0000000016020000 	/usr/lib/libsqlite3.dylib
0x0000000016020000 	/usr/lib/libpam.2.dylib
0x0000000016020000 	/usr/lib/libOpenScriptingUtil.dylib
0x0000000016020000 	/usr/lib/libbz2.1.0.dylib
0x0000000016020000 	/usr/lib/liblzma.5.dylib
0x0000000016020000 	/usr/lib/libnetwork.dylib
0x0000000016020000 	/usr/lib/libpcap.A.dylib
0x0000000016020000 	/System/Library/Frameworks/CoreServices.framework/Versions/A/Frameworks/FSEvents.framework/Versions/A/FSEvents
0x0000000016020000 	/System/Library/Frameworks/CoreServices.framework/Versions/A/Frameworks/CarbonCore.framework/Versions/A/CarbonCore
0x0000000016020000 	/System/Library/Frameworks/CoreServices.framework/Versions/A/Frameworks/Metadata.framework/Versions/A/Metadata
0x0000000016020000 	/System/Library/Frameworks/CoreServices.framework/Versions/A/Frameworks/OSServices.framework/Versions/A/OSServices
0x0000000016020000 	/System/Library/Frameworks/CoreServices.framework/Versions/A/Frameworks/SearchKit.framework/Versions/A/SearchKit
0x0000000016020000 	/System/Library/Frameworks/CoreServices.framework/Versions/A/Frameworks/AE.framework/Versions/A/AE
0x0000000016020000 	/System/Library/Frameworks/CoreServices.framework/Versions/A/Frameworks/LaunchServices.framework/Versions/A/LaunchServices
0x0000000016020000 	/System/Library/Frameworks/CoreServices.framework/Versions/A/Frameworks/DictionaryServices.framework/Versions/A/DictionaryServices
0x0000000016020000 	/System/Library/Frameworks/CoreServices.framework/Versions/A/Frameworks/SharedFileList.framework/Versions/A/SharedFileList
0x0000000016020000 	/System/Library/Frameworks/NetFS.framework/Versions/A/NetFS
0x0000000016020000 	/System/Library/PrivateFrameworks/NetAuth.framework/Versions/A/NetAuth
0x0000000016020000 	/System/Library/PrivateFrameworks/login.framework/Versions/A/Frameworks/loginsupport.framework/Versions/A/loginsupport
0x0000000016020000 	/System/Library/PrivateFrameworks/TCC.framework/Versions/A/TCC
0x0000000016020000 	/usr/lib/libmecabra.dylib
0x0000000016020000 	/System/Library/Frameworks/ApplicationServices.framework/Versions/A/Frameworks/ATS.framework/Versions/A/ATS
0x0000000016020000 	/System/Library/Frameworks/ApplicationServices.framework/Versions/A/Frameworks/ColorSync.framework/Versions/A/ColorSync
0x0000000016020000 	/System/Library/Frameworks/ApplicationServices.framework/Versions/A/Frameworks/HIServices.framework/Versions/A/HIServices
0x0000000016020000 	/System/Library/Frameworks/ApplicationServices.framework/Versions/A/Frameworks/LangAnalysis.framework/Versions/A/LangAnalysis
0x0000000016020000 	/System/Library/Frameworks/ApplicationServices.framework/Versions/A/Frameworks/PrintCore.framework/Versions/A/PrintCore
0x0000000016020000 	/System/Library/Frameworks/ApplicationServices.framework/Versions/A/Frameworks/QD.framework/Versions/A/QD
0x0000000016020000 	/System/Library/Frameworks/ApplicationServices.framework/Versions/A/Frameworks/SpeechSynthesis.framework/Versions/A/SpeechSynthesis
0x0000000016020000 	/System/Library/Frameworks/Accelerate.framework/Versions/A/Frameworks/vImage.framework/Versions/A/vImage
0x0000000016020000 	/System/Library/Frameworks/Accelerate.framework/Versions/A/Frameworks/vecLib.framework/Versions/A/vecLib
0x0000000016020000 	/System/Library/Frameworks/Accelerate.framework/Versions/A/Frameworks/vecLib.framework/Versions/A/libvDSP.dylib
0x0000000016020000 	/System/Library/Frameworks/Accelerate.framework/Versions/A/Frameworks/vecLib.framework/Versions/A/libBNNS.dylib
0x0000000016020000 	/System/Library/Frameworks/Accelerate.framework/Versions/A/Frameworks/vecLib.framework/Versions/A/libQuadrature.dylib
0x0000000016020000 	/System/Library/Frameworks/Accelerate.framework/Versions/A/Frameworks/vecLib.framework/Versions/A/libvMisc.dylib
0x0000000016020000 	/System/Library/Frameworks/Accelerate.framework/Versions/A/Frameworks/vecLib.framework/Versions/A/libLAPACK.dylib
0x0000000016020000 	/System/Library/Frameworks/Accelerate.framework/Versions/A/Frameworks/vecLib.framework/Versions/A/libBLAS.dylib
0x0000000016020000 	/System/Library/Frameworks/Accelerate.framework/Versions/A/Frameworks/vecLib.framework/Versions/A/libLinearAlgebra.dylib
0x0000000016020000 	/System/Library/Frameworks/Accelerate.framework/Versions/A/Frameworks/vecLib.framework/Versions/A/libSparseBLAS.dylib
0x0000000016020000 	/System/Library/Frameworks/ApplicationServices.framework/Versions/A/Frameworks/ATS.framework/Versions/A/Resources/libFontParser.dylib
0x0000000016020000 	/System/Library/Frameworks/ApplicationServices.framework/Versions/A/Frameworks/ATS.framework/Versions/A/Resources/libFontRegistry.dylib
0x0000000016020000 	/System/Library/Frameworks/ImageIO.framework/Versions/A/Resources/libJPEG.dylib
0x0000000016020000 	/System/Library/Frameworks/ImageIO.framework/Versions/A/Resources/libTIFF.dylib
0x0000000016020000 	/System/Library/Frameworks/ImageIO.framework/Versions/A/Resources/libPng.dylib
0x0000000016020000 	/System/Library/Frameworks/ImageIO.framework/Versions/A/Resources/libGIF.dylib
0x0000000016020000 	/System/Library/Frameworks/ImageIO.framework/Versions/A/Resources/libJP2.dylib
0x0000000016020000 	/System/Library/Frameworks/ImageIO.framework/Versions/A/Resources/libRadiance.dylib
0x0000000016020000 	/usr/lib/libcompression.dylib
0x0000000016020000 	/System/Library/PrivateFrameworks/AppleJPEG.framework/Versions/A/AppleJPEG
0x0000000016020000 	/usr/lib/libcups.2.dylib
0x0000000016020000 	/System/Library/Frameworks/Kerberos.framework/Versions/A/Kerberos
0x0000000016020000 	/System/Library/Frameworks/GSS.framework/Versions/A/GSS
0x0000000016020000 	/usr/lib/libresolv.9.dylib
0x0000000016020000 	/usr/lib/libiconv.2.dylib
0x0000000016020000 	/System/Library/PrivateFrameworks/Heimdal.framework/Versions/A/Heimdal
0x0000000016020000 	/usr/lib/libheimdal-asn1.dylib
0x0000000016020000 	/System/Library/Frameworks/OpenDirectory.framework/Versions/A/OpenDirectory
0x0000000016020000 	/System/Library/PrivateFrameworks/CommonAuth.framework/Versions/A/CommonAuth
0x0000000016020000 	/System/Library/Frameworks/OpenDirectory.framework/Versions/A/Frameworks/CFOpenDirectory.framework/Versions/A/CFOpenDirectory
0x0000000016020000 	/System/Library/Frameworks/SecurityFoundation.framework/Versions/A/SecurityFoundation
0x0000000016020000 	/System/Library/PrivateFrameworks/LanguageModeling.framework/Versions/A/LanguageModeling
0x0000000016020000 	/usr/lib/libmarisa.dylib
0x0000000016020000 	/usr/lib/libChineseTokenizer.dylib
0x0000000016020000 	/usr/lib/libcmph.dylib
0x0000000016020000 	/System/Library/PrivateFrameworks/CoreEmoji.framework/Versions/A/CoreEmoji
0x0000000016020000 	/System/Library/Frameworks/ServiceManagement.framework/Versions/A/ServiceManagement
0x0000000016020000 	/usr/lib/libxslt.1.dylib
0x0000000016020000 	/System/Library/Frameworks/Carbon.framework/Versions/A/Frameworks/Ink.framework/Versions/A/Ink
0x0000000016020000 	/System/Library/PrivateFrameworks/TextureIO.framework/Versions/A/TextureIO
0x0000000016020000 	/System/Library/Frameworks/Metal.framework/Versions/A/Metal
0x0000000016020000 	/usr/lib/libate.dylib
0x0000000016020000 	/System/Library/PrivateFrameworks/GPUCompiler.framework/libmetal_timestamp.dylib
0x0000000016020000 	/System/Library/Frameworks/OpenGL.framework/Versions/A/Libraries/libCoreFSCache.dylib
0x0000000016020000 	/System/Library/PrivateFrameworks/IOAccelerator.framework/Versions/A/IOAccelerator
0x0000000016020000 	/System/Library/Frameworks/CoreVideo.framework/Versions/A/CoreVideo
0x0000000016020000 	/usr/lib/libFosl_dynamic.dylib
0x0000000016020000 	/System/Library/PrivateFrameworks/MetalPerformanceShaders.framework/Versions/A/MetalPerformanceShaders
0x0000000016020000 	/System/Library/PrivateFrameworks/FaceCore.framework/Versions/A/FaceCore
0x0000000016020000 	/System/Library/Frameworks/OpenCL.framework/Versions/A/OpenCL
0x0000000016020000 	/System/Library/Frameworks/OpenGL.framework/Versions/A/Libraries/libGLU.dylib
0x0000000016020000 	/System/Library/Frameworks/OpenGL.framework/Versions/A/Libraries/libGFXShared.dylib
0x0000000016020000 	/System/Library/Frameworks/OpenGL.framework/Versions/A/Libraries/libGL.dylib
0x0000000016020000 	/System/Library/Frameworks/OpenGL.framework/Versions/A/Libraries/libGLImage.dylib
0x0000000016020000 	/System/Library/Frameworks/OpenGL.framework/Versions/A/Libraries/libCVMSPluginSupport.dylib
0x0000000016020000 	/System/Library/Frameworks/OpenGL.framework/Versions/A/Libraries/libCoreVMClient.dylib
0x0000000016020000 	/System/Library/PrivateFrameworks/CrashReporterSupport.framework/Versions/A/CrashReporterSupport
0x0000000016020000 	/System/Library/PrivateFrameworks/Sharing.framework/Versions/A/Sharing
0x0000000016020000 	/System/Library/PrivateFrameworks/IconServices.framework/Versions/A/IconServices
0x0000000016020000 	/System/Library/PrivateFrameworks/ProtocolBuffer.framework/Versions/A/ProtocolBuffer
0x0000000016020000 	/System/Library/PrivateFrameworks/Apple80211.framework/Versions/A/Apple80211
0x0000000016020000 	/System/Library/Frameworks/CoreWLAN.framework/Versions/A/CoreWLAN
0x0000000016020000 	/System/Library/PrivateFrameworks/CoreUtils.framework/Versions/A/CoreUtils
0x0000000016020000 	/System/Library/Frameworks/IOBluetooth.framework/Versions/A/IOBluetooth
0x0000000016020000 	/System/Library/PrivateFrameworks/CoreWiFi.framework/Versions/A/CoreWiFi
0x0000000016020000 	/System/Library/Frameworks/CoreBluetooth.framework/Versions/A/CoreBluetooth
0x0000000016020000 	/System/Library/Frameworks/CoreDisplay.framework/Versions/A/CoreDisplay
0x0000000016020000 	/System/Library/PrivateFrameworks/IOPresentment.framework/Versions/A/IOPresentment
0x0000000016020000 	/System/Library/PrivateFrameworks/DebugSymbols.framework/Versions/A/DebugSymbols
0x0000000016020000 	/System/Library/PrivateFrameworks/CoreSymbolication.framework/Versions/A/CoreSymbolication
0x0000000016020000 	/System/Library/PrivateFrameworks/Symbolication.framework/Versions/A/Symbolication
0x0000000016020000 	/System/Library/PrivateFrameworks/AppleFSCompression.framework/Versions/A/AppleFSCompression
0x0000000016020000 	/System/Library/PrivateFrameworks/SpeechRecognitionCore.framework/Versions/A/SpeechRecognitionCore
0x0000000016020000 	/System/Library/PrivateFrameworks/ChunkingLibrary.framework/Versions/A/ChunkingLibrary
0x0000000105600000 	/Library/Java/JavaVirtualMachines/jdk1.8.0_91.jdk/Contents/Home/jre/lib/server/libjvm.dylib
0x0000000016020000 	/usr/lib/libstdc++.6.dylib
0x0000000104d57000 	/Library/Java/JavaVirtualMachines/jdk1.8.0_91.jdk/Contents/Home/jre/lib/libverify.dylib
0x0000000104d65000 	/Library/Java/JavaVirtualMachines/jdk1.8.0_91.jdk/Contents/Home/jre/lib/libjava.dylib
0x0000000104da4000 	/Library/Java/JavaVirtualMachines/jdk1.8.0_91.jdk/Contents/Home/jre/lib/libzip.dylib
0x000000010caa6000 	/System/Library/Frameworks/JavaVM.framework/Frameworks/JavaRuntimeSupport.framework/JavaRuntimeSupport
0x000000010cac0000 	/System/Library/Frameworks/JavaVM.framework/Versions/A/Frameworks/JavaNativeFoundation.framework/Versions/A/JavaNativeFoundation
0x000000010cad5000 	/System/Library/Frameworks/JavaVM.framework/Versions/A/JavaVM
0x0000000016020000 	/System/Library/Frameworks/Carbon.framework/Versions/A/Carbon
0x000000010cae2000 	/System/Library/PrivateFrameworks/JavaLaunching.framework/Versions/A/JavaLaunching
0x0000000016020000 	/System/Library/Frameworks/Carbon.framework/Versions/A/Frameworks/CommonPanels.framework/Versions/A/CommonPanels
0x0000000016020000 	/System/Library/Frameworks/Carbon.framework/Versions/A/Frameworks/Help.framework/Versions/A/Help
0x0000000016020000 	/System/Library/Frameworks/Carbon.framework/Versions/A/Frameworks/ImageCapture.framework/Versions/A/ImageCapture
0x0000000016020000 	/System/Library/Frameworks/Carbon.framework/Versions/A/Frameworks/OpenScripting.framework/Versions/A/OpenScripting
0x0000000016020000 	/System/Library/Frameworks/Carbon.framework/Versions/A/Frameworks/Print.framework/Versions/A/Print
0x0000000016020000 	/System/Library/Frameworks/Carbon.framework/Versions/A/Frameworks/SecurityHI.framework/Versions/A/SecurityHI
0x000000011dac1000 	/Library/Java/JavaVirtualMachines/jdk1.8.0_91.jdk/Contents/Home/jre/lib/libawt.dylib
0x000000011db69000 	/Library/Java/JavaVirtualMachines/jdk1.8.0_91.jdk/Contents/Home/jre/lib/./libmlib_image.dylib
0x000000011dc35000 	/Library/Java/JavaVirtualMachines/jdk1.8.0_91.jdk/Contents/Home/jre/lib/libawt_lwawt.dylib
0x000000011dcea000 	/Library/Java/JavaVirtualMachines/jdk1.8.0_91.jdk/Contents/Home/jre/lib/./libosxapp.dylib
0x0000000016020000 	/System/Library/Frameworks/ExceptionHandling.framework/Versions/A/ExceptionHandling
0x0000000016020000 	/System/Library/PrivateFrameworks/CoreServicesInternal.framework/Versions/A/CoreServicesInternal
0x0000000016020000 	/System/Library/CoreServices/RawCamera.bundle/Contents/MacOS/RawCamera
0x0000000016020000 	/System/Library/Frameworks/Accelerate.framework/Versions/A/Frameworks/vImage.framework/Versions/A/Libraries/libCGInterfaces.dylib
0x0000000016020000 	/System/Library/PrivateFrameworks/FamilyControls.framework/Versions/A/FamilyControls
0x0000000016020000 	/System/Library/PrivateFrameworks/CommerceKit.framework/Versions/A/Frameworks/CommerceCore.framework/Versions/A/CommerceCore
0x0000000016020000 	/System/Library/PrivateFrameworks/SystemAdministration.framework/Versions/A/SystemAdministration
0x0000000016020000 	/System/Library/PrivateFrameworks/AppContainer.framework/Versions/A/AppContainer
0x0000000016020000 	/System/Library/PrivateFrameworks/SecCodeWrapper.framework/Versions/A/SecCodeWrapper
0x0000000016020000 	/System/Library/Frameworks/DirectoryService.framework/Versions/A/DirectoryService
0x0000000016020000 	/System/Library/PrivateFrameworks/DiskImages.framework/Versions/A/DiskImages
0x0000000016020000 	/System/Library/PrivateFrameworks/LoginUIKit.framework/Versions/A/Frameworks/LoginUICore.framework/Versions/A/LoginUICore
0x0000000016020000 	/usr/lib/libCoreStorage.dylib
0x0000000016020000 	/usr/lib/libcsfde.dylib
0x0000000016020000 	/usr/lib/libodfde.dylib
0x0000000016020000 	/System/Library/Frameworks/DiscRecording.framework/Versions/A/DiscRecording
0x0000000016020000 	/usr/lib/libcurl.4.dylib
0x0000000016020000 	/System/Library/PrivateFrameworks/MediaKit.framework/Versions/A/MediaKit
0x0000000016020000 	/System/Library/PrivateFrameworks/ProtectedCloudStorage.framework/Versions/A/ProtectedCloudStorage
0x0000000016020000 	/System/Library/PrivateFrameworks/EFILogin.framework/Versions/A/EFILogin
0x0000000016020000 	/usr/lib/libutil.dylib
0x0000000016020000 	/System/Library/Frameworks/LDAP.framework/Versions/A/LDAP
0x0000000016020000 	/usr/lib/libsasl2.2.dylib
0x0000000016020000 	/System/Library/PrivateFrameworks/CoreDaemon.framework/Versions/B/CoreDaemon
0x0000000016020000 	/System/Library/PrivateFrameworks/AppleSRP.framework/Versions/A/AppleSRP
0x0000000016020000 	/System/Library/PrivateFrameworks/APFS.framework/Versions/A/APFS
0x000000011ec34000 	/Library/Java/JavaVirtualMachines/jdk1.8.0_91.jdk/Contents/Home/jre/lib/libfontmanager.dylib
0x0000000016020000 	/System/Library/Frameworks/ApplicationServices.framework/Versions/A/Frameworks/ATS.framework/Versions/A/Resources/libTrueTypeScaler.dylib
0x0000000016020000 	/System/Library/Frameworks/OpenGL.framework/Versions/A/Resources/GLEngine.bundle/GLEngine
0x0000000016020000 	/System/Library/Frameworks/OpenGL.framework/Versions/A/Libraries/libGLProgrammability.dylib
0x0000000120f1f000 	/System/Library/Extensions/AppleIntelHD5000GraphicsGLDriver.bundle/Contents/MacOS/AppleIntelHD5000GraphicsGLDriver
0x0000000016020000 	/System/Library/PrivateFrameworks/GPUSupport.framework/Versions/A/Libraries/libGPUSupportMercury.dylib
0x0000000016020000 	/System/Library/Frameworks/OpenGL.framework/Versions/A/Resources/GLRendererFloat.bundle/GLRendererFloat
0x0000000016020000 	/System/Library/Frameworks/OpenCL.framework/Versions/A/Libraries/libcldcpuengine.dylib
0x0000000016020000 	/usr/lib/libcrypto.0.9.8.dylib
0x0000000016020000 	/System/Library/PrivateFrameworks/TrustEvaluationAgent.framework/Versions/A/TrustEvaluationAgent
0x000000011ecd0000 	/Library/Java/JavaVirtualMachines/jdk1.8.0_91.jdk/Contents/Home/jre/lib/libosxui.dylib
0x000000012213c000 	/System/Library/Extensions/AppleIntelHD5000GraphicsMTLDriver.bundle/Contents/MacOS/AppleIntelHD5000GraphicsMTLDriver
0x0000000123506000 	/Library/Java/JavaVirtualMachines/jdk1.8.0_91.jdk/Contents/Home/jre/lib/libdcpr.dylib
0x00000001237f1000 	/Library/Java/JavaVirtualMachines/jdk1.8.0_91.jdk/Contents/Home/jre/lib/libnet.dylib
0x0000000123548000 	/Library/Java/JavaVirtualMachines/jdk1.8.0_91.jdk/Contents/Home/jre/lib/libnio.dylib
0x00000001634ad000 	/Library/Java/JavaVirtualMachines/jdk1.8.0_91.jdk/Contents/Home/jre/lib/libjpeg.dylib
0x000000016b80f000 	/private/var/folders/xr/_c3wy9_9429gxpfbpbt0xybc0000gn/T/jna1023798541153904728.tmp
0x0000000171fca000 	/private/var/folders/xr/_c3wy9_9429gxpfbpbt0xybc0000gn/T/xuggle/xuggle3050295259048986931.tmp
0x000000011e1c1000 	/System/Library/Frameworks/VideoDecodeAcceleration.framework/Versions/A/VideoDecodeAcceleration
0x0000000016020000 	/System/Library/Frameworks/CoreMedia.framework/Versions/A/CoreMedia
0x0000000016020000 	/System/Library/Frameworks/VideoToolbox.framework/Versions/A/VideoToolbox
0x0000000016020000 	/System/Library/PrivateFrameworks/AppleVA.framework/Versions/A/AppleVA
0x0000000016020000 	/usr/lib/libspindump.dylib
0x0000000016020000 	/usr/lib/libdscsym.dylib
0x0000000120b78000 	/Library/Java/JavaVirtualMachines/jdk1.8.0_91.jdk/Contents/Home/jre/lib/libjsound.dylib
0x000000016c34e000 	/System/Library/Frameworks/CoreMIDI.framework/Versions/A/CoreMIDI
0x0000000120d5a000 	/usr/lib/libexpat.1.dylib
0x000000011ecc2000 	/System/Library/Extensions/AppleHDA.kext/Contents/PlugIns/AppleHDAHALPlugIn.bundle/Contents/MacOS/AppleHDAHALPlugIn
0x0000000175fd3000 	/System/Library/Components/CoreAudio.component/Contents/MacOS/CoreAudio

VM Arguments:
jvm_args: -Dfile.encoding=UTF-8 
java_command: gui.Call
java_class_path (initial): /Volumes/jarvis/Documents/projects_working_directory/iitb_internship_working_directory/Riyansh_Karani-Lokavidya/Lokavidya/target/classes:/Volumes/jarvis/Documents/projects_working_directory/iitb_internship_working_directory/Riyansh_Karani-Lokavidya/Lokavidya/lib/apache-commons-lang.jar:/Volumes/jarvis/Documents/projects_working_directory/iitb_internship_working_directory/Riyansh_Karani-Lokavidya/Lokavidya/lib/bootstrapconnector.jar:/Volumes/jarvis/Documents/projects_working_directory/iitb_internship_working_directory/Riyansh_Karani-Lokavidya/Lokavidya/lib/commons-codec-1.9.jar:/Volumes/jarvis/Documents/projects_working_directory/iitb_internship_working_directory/Riyansh_Karani-Lokavidya/Lokavidya/lib/forms-1.2.1.jar:/Volumes/jarvis/Documents/projects_working_directory/iitb_internship_working_directory/Riyansh_Karani-Lokavidya/Lokavidya/lib/jmf-2.1.1e.jar:/Volumes/jarvis/Documents/projects_working_directory/iitb_internship_working_directory/Riyansh_Karani-Lokavidya/Lokavidya/lib/jna-3.2.5.jar:/Volumes/jarvis/Documents/projects_working_directory/iitb_internship_working_directory/Riyansh_Karani-Lokavidya/Lokavidya/lib/poi-3.13.jar:/Volumes/jarvis/Documents/projects_working_directory/iitb_internship_working_directory/Riyansh_Karani-Lokavidya/Lokavidya/lib/poi-ooxml-3.13.jar:/Volumes/jarvis/Documents/projects_working_directory/iitb_internship_working_directory/Riyansh_Karani-Lokavidya/Lokavidya/lib/poi-ooxml-schemas-3.13.jar:/Volumes/jarvis/Documents/projects_working_directory/iitb_internship_working_directory/Riyansh_Karani-Lokavidya/Lokavidya/lib/stax-api-1.0.1.jar:/Volumes/jarvis/Documents/projects_working_directory/iitb_internship_working_directory/Riyansh_Karani-Lokavidya/Lokavidya/lib/xmlbeans-2.6.0.jar:/Volumes/jarvis/Documents/projects_working_directory/iitb_internship_working_directory/Riyansh_Karani-Lokavidya/Lokavidya/lib/okhttp-3.2.0.jar:/Volumes/jarvis/Documents/projects_working_directory/iitb_internship_working_directory/Riyansh
Launcher Type: SUN_STANDARD

Environment Variables:
PATH=/usr/bin:/bin:/usr/sbin:/sbin
SHELL=/bin/zsh
DISPLAY=/private/tmp/com.apple.launchd.s1zZG2zQCJ/org.macosforge.xquartz:0

Signal Handlers:
SIGSEGV: [libjvm.dylib+0x5a97a1], sa_mask[0]=11111111011111110111111111111111, sa_flags=SA_ONSTACK|SA_RESTART|SA_SIGINFO
SIGBUS: [libjvm.dylib+0x5a97a1], sa_mask[0]=11111111011111110111111111111111, sa_flags=SA_RESTART|SA_SIGINFO
SIGFPE: [libjvm.dylib+0x482594], sa_mask[0]=11111111011111110111111111111111, sa_flags=SA_RESTART|SA_SIGINFO
SIGPIPE: [libjvm.dylib+0x482594], sa_mask[0]=11111111011111110111111111111111, sa_flags=SA_RESTART|SA_SIGINFO
SIGXFSZ: [libjvm.dylib+0x482594], sa_mask[0]=11111111011111110111111111111111, sa_flags=SA_RESTART|SA_SIGINFO
SIGILL: [libjvm.dylib+0x482594], sa_mask[0]=11111111011111110111111111111111, sa_flags=SA_RESTART|SA_SIGINFO
SIGUSR1: SIG_DFL, sa_mask[0]=00000000000000000000000000000000, sa_flags=none
SIGUSR2: [libjvm.dylib+0x4820b2], sa_mask[0]=00100000000000000000000000000000, sa_flags=SA_RESTART|SA_SIGINFO
SIGHUP: [libjvm.dylib+0x480689], sa_mask[0]=11111111011111110111111111111111, sa_flags=SA_RESTART|SA_SIGINFO
SIGINT: [libjvm.dylib+0x480689], sa_mask[0]=11111111011111110111111111111111, sa_flags=SA_RESTART|SA_SIGINFO
SIGTERM: [libjvm.dylib+0x480689], sa_mask[0]=11111111011111110111111111111111, sa_flags=SA_RESTART|SA_SIGINFO
SIGQUIT: [libjvm.dylib+0x480689], sa_mask[0]=11111111011111110111111111111111, sa_flags=SA_RESTART|SA_SIGINFO


---------------  S Y S T E M  ---------------

OS:Bsduname:Darwin 16.0.0 Darwin Kernel Version 16.0.0: Mon Aug 29 17:56:20 PDT 2016; root:xnu-3789.1.32~3/RELEASE_X86_64 x86_64
rlimit: STACK 8192k, CORE 0k, NPROC 709, NOFILE 10240, AS infinity
load average:15.51 5.63 6.34

CPU:total 4 (2 cores per cpu, 2 threads per core) family 6 model 69 stepping 1, cmov, cx8, fxsr, mmx, sse, sse2, sse3, ssse3, sse4.1, sse4.2, popcnt, avx, avx2, aes, clmul, erms, lzcnt, ht, tsc, tscinvbit, bmi1, bmi2

Memory: 4k page, physical 8388608k(35872k free)

/proc/meminfo:


vm_info: Java HotSpot(TM) 64-Bit Server VM (25.91-b14) for bsd-amd64 JRE (1.8.0_91-b14), built on Apr  1 2016 01:03:00 by "java_re" with gcc 4.2.1 (Based on Apple Inc. build 5658) (LLVM build 2336.11.00)

time: Sat Feb 18 17:32:01 2017
elapsed time: 1214 seconds (0d 0h 20m 14s)

